Using pre-set license
Built from '2020.3/staging' branch; Version is '2020.3.10f1 (297d780c91bc) revision 2719096'; Using compiler version '192528614'; Build Type 'Release'
OS: 'Windows 10 Home Single Language; OS build 19042.1415; Version 2009; 64bit' Language: 'es' Physical Memory: 16321 MB
BatchMode: 1, IsHumanControllingUs: 0, StartBugReporterOnCrash: 0, Is64bit: 1, IsPro: 0

 COMMAND LINE ARGUMENTS:
C:\Program Files\Unity\Hub\Editor\2020.3.10f1\Editor\Unity.exe
-adb2
-batchMode
-noUpm
-name
AssetImportWorker0
-projectPath
D:/OneDrive/Documentos/GitHub/SpaceInvaders
-logFile
Logs/AssetImportWorker0.log
-srvPort
62387
Successfully changed project path to: D:/OneDrive/Documentos/GitHub/SpaceInvaders
D:/OneDrive/Documentos/GitHub/SpaceInvaders
Using Asset Import Pipeline V2.
Refreshing native plugins compatible for Editor in 35.72 ms, found 3 plugins.
Preloading 0 native plugins for Editor in 0.00 ms.
Initialize engine version: 2020.3.10f1 (297d780c91bc)
[Subsystems] Discovering subsystems at path C:/Program Files/Unity/Hub/Editor/2020.3.10f1/Editor/Data/Resources/UnitySubsystems
[Subsystems] Discovering subsystems at path D:/OneDrive/Documentos/GitHub/SpaceInvaders/Assets
GfxDevice: creating device client; threaded=0
Direct3D:
    Version:  Direct3D 11.0 [level 11.1]
    Renderer: NVIDIA GeForce RTX 2060 SUPER (ID=0x1f06)
    Vendor:   
    VRAM:     8031 MB
    Driver:   30.0.14.9676
Initialize mono
Mono path[0] = 'C:/Program Files/Unity/Hub/Editor/2020.3.10f1/Editor/Data/Managed'
Mono path[1] = 'C:/Program Files/Unity/Hub/Editor/2020.3.10f1/Editor/Data/MonoBleedingEdge/lib/mono/unityjit'
Mono config path = 'C:/Program Files/Unity/Hub/Editor/2020.3.10f1/Editor/Data/MonoBleedingEdge/etc'
Using monoOptions --debugger-agent=transport=dt_socket,embedding=1,server=y,suspend=n,address=127.0.0.1:56420
Begin MonoManager ReloadAssembly
Registering precompiled unity dll's ...
Register platform support module: C:/Program Files/Unity/Hub/Editor/2020.3.10f1/Editor/Data/PlaybackEngines/WindowsStandaloneSupport/UnityEditor.WindowsStandalone.Extensions.dll
Registered in 0.002101 seconds.
Native extension for WindowsStandalone target not found
Refreshing native plugins compatible for Editor in 35.25 ms, found 3 plugins.
Preloading 0 native plugins for Editor in 0.00 ms.
Mono: successfully reloaded assembly
- Completed reload, in  0.979 seconds
Platform modules already initialized, skipping
Registering precompiled user dll's ...
Registered in 0.003978 seconds.
Begin MonoManager ReloadAssembly
Native extension for WindowsStandalone target not found
Refreshing native plugins compatible for Editor in 34.98 ms, found 3 plugins.
Preloading 0 native plugins for Editor in 0.00 ms.
Mono: successfully reloaded assembly
- Completed reload, in  0.914 seconds
Platform modules already initialized, skipping
========================================================================
Worker process is ready to serve import requests
Launched and connected shader compiler UnityShaderCompiler.exe after 0.03 seconds
Refreshing native plugins compatible for Editor in 0.45 ms, found 3 plugins.
Preloading 0 native plugins for Editor in 0.00 ms.
Unloading 2083 Unused Serialized files (Serialized files now loaded: 0)
System memory in use before: 93.0 MB.
System memory in use after: 93.0 MB.

Unloading 33 unused Assets to reduce memory usage. Loaded Objects now: 2518.
Total: 2.068900 ms (FindLiveObjects: 0.213600 ms CreateObjectMapping: 0.048200 ms MarkObjects: 1.671200 ms  DeleteObjects: 0.135000 ms)

========================================================================
Received Import Request.
  path: Assets/Scripts/Player.cs
  artifactKey: Guid(aa94baddd29ab0841ada40aa52fe1c7c) Importer(815301076,1909f56bfc062723c751e8b465ee728b)
Start importing Assets/Scripts/Player.cs using Guid(aa94baddd29ab0841ada40aa52fe1c7c) Importer(815301076,1909f56bfc062723c751e8b465ee728b)  -> (artifact id: 'a9a55d528b26b6c70a9c6ed0f992cccc') in 0.023367 seconds
  Import took 0.040552 seconds .

========================================================================
Received Import Request.
  Time since last request: 2.629048 seconds.
  path: Assets/Scripts/Projectile.cs
  artifactKey: Guid(d4de9b0793be8414bbb04f8c752c5808) Importer(815301076,1909f56bfc062723c751e8b465ee728b)
Start importing Assets/Scripts/Projectile.cs using Guid(d4de9b0793be8414bbb04f8c752c5808) Importer(815301076,1909f56bfc062723c751e8b465ee728b)  -> (artifact id: 'd9086b5794f285efe034943851420cbb') in 0.006737 seconds
  Import took 0.032787 seconds .

========================================================================
Received Prepare
Registering precompiled user dll's ...
Registered in 0.003881 seconds.
Begin MonoManager ReloadAssembly
Native extension for WindowsStandalone target not found
Refreshing native plugins compatible for Editor in 0.46 ms, found 3 plugins.
Preloading 0 native plugins for Editor in 0.00 ms.
Mono: successfully reloaded assembly
- Completed reload, in  0.815 seconds
Platform modules already initialized, skipping
Refreshing native plugins compatible for Editor in 0.45 ms, found 3 plugins.
Preloading 0 native plugins for Editor in 0.00 ms.
Unloading 2079 Unused Serialized files (Serialized files now loaded: 0)
System memory in use before: 93.0 MB.
System memory in use after: 93.0 MB.

Unloading 21 unused Assets to reduce memory usage. Loaded Objects now: 2523.
Total: 1.868200 ms (FindLiveObjects: 0.175200 ms CreateObjectMapping: 0.045500 ms MarkObjects: 1.554200 ms  DeleteObjects: 0.092600 ms)

========================================================================
Received Import Request.
  Time since last request: 58.627047 seconds.
  path: Assets/Scripts/Projectile.cs
  artifactKey: Guid(d4de9b0793be8414bbb04f8c752c5808) Importer(815301076,1909f56bfc062723c751e8b465ee728b)
Start importing Assets/Scripts/Projectile.cs using Guid(d4de9b0793be8414bbb04f8c752c5808) Importer(815301076,1909f56bfc062723c751e8b465ee728b)  -> (artifact id: 'ee27083e493886b8b85d63f6ffde7aee') in 0.004942 seconds
  Import took 0.023623 seconds .

========================================================================
Received Import Request.
  Time since last request: 0.021848 seconds.
  path: Assets/Scripts/Projectile.cs
  artifactKey: Guid(d4de9b0793be8414bbb04f8c752c5808) Importer(815301076,1909f56bfc062723c751e8b465ee728b)
Start importing Assets/Scripts/Projectile.cs using Guid(d4de9b0793be8414bbb04f8c752c5808) Importer(815301076,1909f56bfc062723c751e8b465ee728b)  -> (artifact id: 'ee27083e493886b8b85d63f6ffde7aee') in 0.002436 seconds
  Import took 0.005346 seconds .

========================================================================
Received Import Request.
  Time since last request: 9.231617 seconds.
  path: Assets/Scripts/Bunker.cs
  artifactKey: Guid(37a43e6a12966f7469923379a3bd411b) Importer(815301076,1909f56bfc062723c751e8b465ee728b)
Start importing Assets/Scripts/Bunker.cs using Guid(37a43e6a12966f7469923379a3bd411b) Importer(815301076,1909f56bfc062723c751e8b465ee728b)  -> (artifact id: '427ae9567aef5f3e2e9a87548047ff6c') in 0.010549 seconds
  Import took 0.032399 seconds .

========================================================================
Received Prepare
Registering precompiled user dll's ...
Registered in 0.003947 seconds.
Begin MonoManager ReloadAssembly
Native extension for WindowsStandalone target not found
Refreshing native plugins compatible for Editor in 0.47 ms, found 3 plugins.
Preloading 0 native plugins for Editor in 0.00 ms.
Mono: successfully reloaded assembly
- Completed reload, in  0.823 seconds
Platform modules already initialized, skipping
Refreshing native plugins compatible for Editor in 0.46 ms, found 3 plugins.
Preloading 0 native plugins for Editor in 0.00 ms.
Unloading 2080 Unused Serialized files (Serialized files now loaded: 0)
System memory in use before: 93.1 MB.
System memory in use after: 93.0 MB.

Unloading 21 unused Assets to reduce memory usage. Loaded Objects now: 2528.
Total: 2.147400 ms (FindLiveObjects: 0.233000 ms CreateObjectMapping: 0.047500 ms MarkObjects: 1.749500 ms  DeleteObjects: 0.116300 ms)

========================================================================
Received Import Request.
  Time since last request: 16.818186 seconds.
  path: Assets/Scripts/Bunker.cs
  artifactKey: Guid(37a43e6a12966f7469923379a3bd411b) Importer(815301076,1909f56bfc062723c751e8b465ee728b)
Start importing Assets/Scripts/Bunker.cs using Guid(37a43e6a12966f7469923379a3bd411b) Importer(815301076,1909f56bfc062723c751e8b465ee728b)  -> (artifact id: '4f11d577a2c7a4f2044127cb2048c6a7') in 0.005135 seconds
  Import took 0.008231 seconds .

========================================================================
Received Prepare
Registering precompiled user dll's ...
Registered in 0.003803 seconds.
Begin MonoManager ReloadAssembly
Native extension for WindowsStandalone target not found
Refreshing native plugins compatible for Editor in 0.48 ms, found 3 plugins.
Preloading 0 native plugins for Editor in 0.00 ms.
Mono: successfully reloaded assembly
- Completed reload, in  0.830 seconds
Platform modules already initialized, skipping
Refreshing native plugins compatible for Editor in 0.48 ms, found 3 plugins.
Preloading 0 native plugins for Editor in 0.00 ms.
Unloading 2080 Unused Serialized files (Serialized files now loaded: 0)
System memory in use before: 93.1 MB.
System memory in use after: 93.1 MB.

Unloading 21 unused Assets to reduce memory usage. Loaded Objects now: 2532.
Total: 1.963000 ms (FindLiveObjects: 0.204100 ms CreateObjectMapping: 0.047100 ms MarkObjects: 1.604600 ms  DeleteObjects: 0.105800 ms)

========================================================================
Received Import Request.
  Time since last request: 335.157089 seconds.
  path: Assets/Prefabs/Laser.prefab
  artifactKey: Guid(d970f430ff0d68846ac22af108ef228c) Importer(815301076,1909f56bfc062723c751e8b465ee728b)
Start importing Assets/Prefabs/Laser.prefab using Guid(d970f430ff0d68846ac22af108ef228c) Importer(815301076,1909f56bfc062723c751e8b465ee728b)  -> (artifact id: 'eae115e2dcba694f92000537b9d5e8ab') in 0.070674 seconds
  Import took 0.081990 seconds .

========================================================================
Received Import Request.
  Time since last request: 110.268647 seconds.
  path: Assets/Prefabs/Laser.prefab
  artifactKey: Guid(d970f430ff0d68846ac22af108ef228c) Importer(815301076,1909f56bfc062723c751e8b465ee728b)
Start importing Assets/Prefabs/Laser.prefab using Guid(d970f430ff0d68846ac22af108ef228c) Importer(815301076,1909f56bfc062723c751e8b465ee728b)  -> (artifact id: '7b6f7b5ff41986ea273e0ca7e512c353') in 0.008590 seconds
  Import took 0.011968 seconds .

========================================================================
Received Import Request.
  Time since last request: 14.579472 seconds.
  path: Assets/Prefabs/Laser.prefab
  artifactKey: Guid(d970f430ff0d68846ac22af108ef228c) Importer(815301076,1909f56bfc062723c751e8b465ee728b)
Start importing Assets/Prefabs/Laser.prefab using Guid(d970f430ff0d68846ac22af108ef228c) Importer(815301076,1909f56bfc062723c751e8b465ee728b)  -> (artifact id: 'c482931f6ad772ea67ea7956ebb286af') in 0.007433 seconds
  Import took 0.010714 seconds .

========================================================================
Received Import Request.
  Time since last request: 8.368050 seconds.
  path: Assets/Prefabs/Laser.prefab
  artifactKey: Guid(d970f430ff0d68846ac22af108ef228c) Importer(815301076,1909f56bfc062723c751e8b465ee728b)
Start importing Assets/Prefabs/Laser.prefab using Guid(d970f430ff0d68846ac22af108ef228c) Importer(815301076,1909f56bfc062723c751e8b465ee728b)  -> (artifact id: '5a98df00a1e4c8648cb4f8c0b6d895ed') in 0.008181 seconds
  Import took 0.024000 seconds .

========================================================================
Received Import Request.
  Time since last request: 0.000594 seconds.
  path: Assets/Prefabs/Laser.prefab
  artifactKey: Guid(d970f430ff0d68846ac22af108ef228c) Importer(815301076,1909f56bfc062723c751e8b465ee728b)
Start importing Assets/Prefabs/Laser.prefab using Guid(d970f430ff0d68846ac22af108ef228c) Importer(815301076,1909f56bfc062723c751e8b465ee728b)  -> (artifact id: '5a98df00a1e4c8648cb4f8c0b6d895ed') in 0.007826 seconds
  Import took 0.010796 seconds .

========================================================================
Received Prepare
Registering precompiled user dll's ...
Registered in 0.004132 seconds.
Begin MonoManager ReloadAssembly
Native extension for WindowsStandalone target not found
Refreshing native plugins compatible for Editor in 0.46 ms, found 3 plugins.
Preloading 0 native plugins for Editor in 0.00 ms.
Mono: successfully reloaded assembly
- Completed reload, in  0.826 seconds
Platform modules already initialized, skipping
Refreshing native plugins compatible for Editor in 0.45 ms, found 3 plugins.
Preloading 0 native plugins for Editor in 0.00 ms.
Unloading 2080 Unused Serialized files (Serialized files now loaded: 0)
System memory in use before: 96.1 MB.
System memory in use after: 96.1 MB.

Unloading 21 unused Assets to reduce memory usage. Loaded Objects now: 2543.
Total: 1.930100 ms (FindLiveObjects: 0.167800 ms CreateObjectMapping: 0.046500 ms MarkObjects: 1.617700 ms  DeleteObjects: 0.097200 ms)

========================================================================
Received Prepare
Registering precompiled user dll's ...
Registered in 0.004062 seconds.
Begin MonoManager ReloadAssembly
Native extension for WindowsStandalone target not found
Refreshing native plugins compatible for Editor in 0.48 ms, found 3 plugins.
Preloading 0 native plugins for Editor in 0.00 ms.
Mono: successfully reloaded assembly
- Completed reload, in  0.825 seconds
Platform modules already initialized, skipping
Refreshing native plugins compatible for Editor in 0.56 ms, found 3 plugins.
Preloading 0 native plugins for Editor in 0.00 ms.
Unloading 2080 Unused Serialized files (Serialized files now loaded: 0)
System memory in use before: 96.1 MB.
System memory in use after: 96.1 MB.

Unloading 21 unused Assets to reduce memory usage. Loaded Objects now: 2547.
Total: 1.993900 ms (FindLiveObjects: 0.230300 ms CreateObjectMapping: 0.047500 ms MarkObjects: 1.612400 ms  DeleteObjects: 0.102400 ms)

========================================================================
Received Prepare
Registering precompiled user dll's ...
Registered in 0.003986 seconds.
Begin MonoManager ReloadAssembly
Native extension for WindowsStandalone target not found
Refreshing native plugins compatible for Editor in 0.47 ms, found 3 plugins.
Preloading 0 native plugins for Editor in 0.00 ms.
Mono: successfully reloaded assembly
- Completed reload, in  0.814 seconds
Platform modules already initialized, skipping
Refreshing native plugins compatible for Editor in 0.47 ms, found 3 plugins.
Preloading 0 native plugins for Editor in 0.00 ms.
Unloading 2080 Unused Serialized files (Serialized files now loaded: 0)
System memory in use before: 96.1 MB.
System memory in use after: 96.1 MB.

Unloading 21 unused Assets to reduce memory usage. Loaded Objects now: 2551.
Total: 2.069400 ms (FindLiveObjects: 0.222200 ms CreateObjectMapping: 0.055700 ms MarkObjects: 1.683400 ms  DeleteObjects: 0.107200 ms)

========================================================================
Received Prepare
Registering precompiled user dll's ...
Registered in 0.003827 seconds.
Begin MonoManager ReloadAssembly
Native extension for WindowsStandalone target not found
Refreshing native plugins compatible for Editor in 0.65 ms, found 3 plugins.
Preloading 0 native plugins for Editor in 0.00 ms.
Mono: successfully reloaded assembly
- Completed reload, in  0.835 seconds
Platform modules already initialized, skipping
Refreshing native plugins compatible for Editor in 0.46 ms, found 3 plugins.
Preloading 0 native plugins for Editor in 0.00 ms.
Unloading 2080 Unused Serialized files (Serialized files now loaded: 0)
System memory in use before: 96.1 MB.
System memory in use after: 96.1 MB.

Unloading 21 unused Assets to reduce memory usage. Loaded Objects now: 2555.
Total: 2.088800 ms (FindLiveObjects: 0.212800 ms CreateObjectMapping: 0.046800 ms MarkObjects: 1.721600 ms  DeleteObjects: 0.106600 ms)

AssetImportWorkerClient::OnTransportError - code=2 error=End of file
